<?xml version="1.0" encoding="UTF-8"?>
<!-- Generated by org.testng.reporters.JUnitXMLReporter -->
<testsuite ignored="1" hostname="ideMacBook-Pro.local" failures="0" tests="8" name="Surefire test" time="2.805" errors="0" timestamp="26 5月 2020 14:55:36 GMT">
  <testcase classname="com.shinemo1.learn.BaseProcessor" name="test" time="1.238"/>
  <testcase classname="com.shinemo1.learn.BaseProcessor" name="test" time="0.078"/>
  <testcase classname="com.shinemo1.learn.BaseProcessor" name="test" time="0.08"/>
  <testcase classname="com.shinemo1.learn.BaseProcessor" name="test" time="0.049"/>
  <testcase classname="com.shinemo1.learn.BaseProcessor" name="test" time="0.053"/>
  <testcase classname="com.shinemo1.learn.BaseProcessor" name="test" time="0.099"/>
  <testcase classname="com.shinemo1.learn.BaseProcessor" name="test" time="0.091"/>
  <testcase classname="com.shinemo1.learn.BaseProcessor" name="test" time="0.081"/>
  <testcase classname="com.shinemo1.learn.BaseProcessor" name="@AfterSuite batchWriteBackDatas" time="0.0">
    <ignored/>
  </testcase> <!-- @AfterSuite batchWriteBackDatas -->
</testsuite> <!-- Surefire test -->
