<?xml version="1.0" encoding="UTF-8"?>
<testsuite xmlns:xsi="http://www.w3.org/2001/XMLSchema-instance" xsi:noNamespaceSchemaLocation="https://maven.apache.org/surefire/maven-surefire-plugin/xsd/surefire-test-report.xsd" name="com.shinemo1.learn.RechargeCase" time="2.355" tests="3" errors="0" skipped="0" failures="0">
  <properties>
[...]
</properties>
  <testcase name="test" classname="com.shinemo1.learn.RechargeCase" time="0.916"/>
  <testcase name="test" classname="com.shinemo1.learn.RechargeCase" time="0.048"/>
  <testcase name="test" classname="com.shinemo1.learn.RechargeCase" time="0.049"/>
</testsuite>