<?xml version="1.0" encoding="UTF-8"?>
<testsuite xmlns:xsi="http://www.w3.org/2001/XMLSchema-instance" xsi:noNamespaceSchemaLocation="https://maven.apache.org/surefire/maven-surefire-plugin/xsd/surefire-test-report.xsd" name="TestSuite" time="3.581" tests="8" errors="0" skipped="0" failures="0">
  <properties>
[...]
</properties>
  <testcase name="test" classname="com.shinemo1.learn.LoginCaseV3Test" time="1.237"/>
  <testcase name="test" classname="com.shinemo1.learn.LoginCaseV3Test" time="0.078"/>
  <testcase name="test" classname="com.shinemo1.learn.LoginCaseV3Test" time="0.081"/>
  <testcase name="test" classname="com.shinemo1.learn.LoginCaseV3Test" time="0.049"/>
  <testcase name="test" classname="com.shinemo1.learn.LoginCaseV3Test" time="0.053"/>
  <testcase name="test" classname="com.shinemo1.learn.RechargeCaseTest" time="0.099"/>
  <testcase name="test" classname="com.shinemo1.learn.RechargeCaseTest" time="0.09"/>
  <testcase name="test" classname="com.shinemo1.learn.RechargeCaseTest" time="0.081"/>
</testsuite>