<?xml version="1.0" encoding="UTF-8"?>
<!-- Generated by org.testng.reporters.JUnitReportReporter -->
<testsuite hostname="ideMacBook-Pro.local" failures="0" tests="3" name="com.shinemo1.learn.RechargeCaseTest" time="0.271" errors="0" timestamp="26 5月 2020 14:55:36 GMT" skipped="0">
  <testcase classname="com.shinemo1.learn.RechargeCaseTest" name="test" time="0.099"/>
  <testcase classname="com.shinemo1.learn.RechargeCaseTest" name="test" time="0.081"/>
  <testcase classname="com.shinemo1.learn.RechargeCaseTest" name="test" time="0.091"/>
</testsuite> <!-- com.shinemo1.learn.RechargeCaseTest -->
