<?xml version="1.0" encoding="UTF-8"?>
<!-- Generated by org.testng.reporters.JUnitReportReporter -->
<testsuite hostname="ideMacBook-Pro.local" failures="0" tests="5" name="com.shinemo1.learn.LoginCaseV3Test" time="1.498" errors="0" timestamp="26 5月 2020 14:55:36 GMT" skipped="0">
  <testcase classname="com.shinemo1.learn.LoginCaseV3Test" name="test" time="0.078"/>
  <testcase classname="com.shinemo1.learn.LoginCaseV3Test" name="test" time="1.238"/>
  <testcase classname="com.shinemo1.learn.LoginCaseV3Test" name="test" time="0.080"/>
  <testcase classname="com.shinemo1.learn.LoginCaseV3Test" name="test" time="0.049"/>
  <testcase classname="com.shinemo1.learn.LoginCaseV3Test" name="test" time="0.053"/>
</testsuite> <!-- com.shinemo1.learn.LoginCaseV3Test -->
